<?xml version="1.0" encoding="UTF-8"?>
<testsuite xmlns:xsi="http://www.w3.org/2001/XMLSchema-instance" xsi:noNamespaceSchemaLocation="https://maven.apache.org/surefire/maven-surefire-plugin/xsd/surefire-test-report-3.0.xsd" version="3.0" name="org.example.TrafficViolationTest" time="0" tests="1" errors="0" skipped="0" failures="0">
  <properties>
[...]
</properties>
  <testcase name="test" classname="org.example.TrafficViolationTest" time="0">
    <system-out><![CDATA[2022-11-27 12:34:36,276 [main] INFO  Evaluating DMN model
2022-11-27 12:34:36,277 [main] INFO  Checking results: DMNResultImpl{context={
    Driver: {
        Points: 2
    }
    Violation: {
        Type: speed
        Speed Limit: 100
        Actual Speed: 120
    }
    Fine: {
        Points: 3
        Amount: 500
    }
    Should the driver be suspended?: No
}
, messages=org.kie.dmn.core.util.DefaultDMNMessagesManager@6bfaa0a6}
]]></system-out>
  </testcase>
</testsuite>