<?xml version="1.0" encoding="UTF-8"?>
<testsuite xmlns:xsi="http://www.w3.org/2001/XMLSchema-instance" xsi:noNamespaceSchemaLocation="https://maven.apache.org/surefire/maven-surefire-plugin/xsd/surefire-test-report-3.0.xsd" version="3.0" name="org.example.RuleTest" time="0.486" tests="1" errors="0" skipped="0" failures="0">
  <properties>
[...]
</properties>
  <testcase name="test" classname="org.example.RuleTest" time="0.436">
    <system-out><![CDATA[2022-12-11 14:51:12,769 [main] INFO  Creating RuleUnit
2022-12-11 14:51:13,029 [main] INFO  Insert data
2022-12-11 14:51:13,034 [main] INFO  Run query. Rules are also fired
]]></system-out>
  </testcase>
</testsuite>